c:\users\peter\desktop\cos30008_pp2\cos30008_pp2\debug\vc142.pdb
c:\users\peter\desktop\cos30008_pp2\cos30008_pp2\debug\vc142.idb
c:\users\peter\desktop\cos30008_pp2\cos30008_pp2\debug\waterpark.obj
c:\users\peter\desktop\cos30008_pp2\cos30008_pp2\debug\statestack.obj
c:\users\peter\desktop\cos30008_pp2\cos30008_pp2\debug\state.obj
c:\users\peter\desktop\cos30008_pp2\cos30008_pp2\debug\mainmenustate.obj
c:\users\peter\desktop\cos30008_pp2\cos30008_pp2\debug\main.obj
c:\users\peter\desktop\cos30008_pp2\cos30008_pp2\debug\levelqueue.obj
c:\users\peter\desktop\cos30008_pp2\cos30008_pp2\debug\levellist.obj
c:\users\peter\desktop\cos30008_pp2\cos30008_pp2\debug\gamestate.obj
c:\users\peter\desktop\cos30008_pp2\cos30008_pp2\debug\game.obj
c:\users\peter\desktop\cos30008_pp2\cos30008_pp2\debug\ferriswheel.obj
c:\users\peter\desktop\cos30008_pp2\cos30008_pp2\debug\attractionvisitor.obj
c:\users\peter\desktop\cos30008_pp2\cos30008_pp2\debug\attractionsfactory.obj
c:\users\peter\desktop\cos30008_pp2\cos30008_pp2\debug\attractions.obj
c:\users\peter\desktop\cos30008_pp2\cos30008_pp2\debug\amusementpark.obj
c:\users\peter\desktop\cos30008_pp2\cos30008_pp2\debug\rollercoaster.obj
c:\users\peter\desktop\cos30008_pp2\cos30008_pp2\debug\bonustree.obj
c:\users\peter\desktop\cos30008_pp2\cos30008_pp2\debug\attractionsvisitor.obj
c:\users\peter\desktop\cos30008_pp2\debug\cos30008_pp2.exe
c:\users\peter\desktop\cos30008_pp2\cos30008_pp2\debug\cos30008_pp2.ilk
c:\users\peter\desktop\cos30008_pp2\debug\cos30008_pp2.pdb
c:\users\peter\desktop\cos30008_pp2\cos30008_pp2\debug\cos30008_pp2.tlog\cl.command.1.tlog
c:\users\peter\desktop\cos30008_pp2\cos30008_pp2\debug\cos30008_pp2.tlog\cl.read.1.tlog
c:\users\peter\desktop\cos30008_pp2\cos30008_pp2\debug\cos30008_pp2.tlog\cl.write.1.tlog
c:\users\peter\desktop\cos30008_pp2\cos30008_pp2\debug\cos30008_pp2.tlog\link.command.1.tlog
c:\users\peter\desktop\cos30008_pp2\cos30008_pp2\debug\cos30008_pp2.tlog\link.read.1.tlog
c:\users\peter\desktop\cos30008_pp2\cos30008_pp2\debug\cos30008_pp2.tlog\link.write.1.tlog
